Jun 29, 2017 12:24:07 PM org.apache.http.impl.client.DefaultRequestDirector handleResponse():1083 
WARN: Authentication error: Unable to respond to any of these challenges: {}
Jun 29, 2017 12:25:07 PM com.bmc.sms.wscommon.util.MessageUtil getMessage():45 
WARN: Failed to load resource bundle -BuilderMessages by default locale exception:Can't find bundle for base name BuilderMessages, locale en_IN Default Locale settings :Language:en,Country():IN,Variant():,DisplayName():English (India)
Jun 29, 2017 12:25:07 PM com.bmc.sms.wscommon.util.MessageUtil getMessage():45 
WARN: Failed to load resource bundle -BuilderMessages by default locale exception:Can't find bundle for base name BuilderMessages, locale en_IN Default Locale settings :Language:en,Country():IN,Variant():,DisplayName():English (India)
Jun 29, 2017 12:25:07 PM com.bmc.sms.wscommon.util.MessageUtil getMessage():45 
WARN: Failed to load resource bundle -BuilderMessages by default locale exception:Can't find bundle for base name BuilderMessages, locale en_IN Default Locale settings :Language:en,Country():IN,Variant():,DisplayName():English (India)
Jun 29, 2017 12:25:07 PM com.bmc.sms.wscommon.util.MessageUtil getMessage():58 
ERROR: Failed to load resource bundle-BuilderMessages
Jun 29, 2017 12:25:07 PM com.bmc.sms.wscommon.util.MessageUtil getMessage():58 
ERROR: Failed to load resource bundle-BuilderMessages
Jun 29, 2017 12:25:07 PM com.bmc.sms.wscommon.util.MessageUtil getMessage():58 
ERROR: Failed to load resource bundle-BuilderMessages
Jun 29, 2017 12:25:07 PM com.bmc.sms.wscommon.util.MessageUtil getMessage():45 
WARN: Failed to load resource bundle -BuilderMessages by default locale exception:Can't find bundle for base name BuilderMessages, locale en_IN Default Locale settings :Language:en,Country():IN,Variant():,DisplayName():English (India)
Jun 29, 2017 12:25:07 PM com.bmc.sms.wscommon.util.MessageUtil getMessage():45 
WARN: Failed to load resource bundle -BuilderMessages by default locale exception:Can't find bundle for base name BuilderMessages, locale en_IN Default Locale settings :Language:en,Country():IN,Variant():,DisplayName():English (India)
Jun 29, 2017 12:25:07 PM com.bmc.sms.wscommon.util.MessageUtil getMessage():58 
ERROR: Failed to load resource bundle-BuilderMessages
Jun 29, 2017 12:25:07 PM com.bmc.sms.wscommon.util.MessageUtil getMessage():58 
ERROR: Failed to load resource bundle-BuilderMessages
Jun 29, 2017 12:25:07 PM com.bmc.sms.wscommon.util.MessageUtil getMessage():45 
WARN: Failed to load resource bundle -BuilderMessages by default locale exception:Can't find bundle for base name BuilderMessages, locale en_IN Default Locale settings :Language:en,Country():IN,Variant():,DisplayName():English (India)
Jun 29, 2017 12:25:07 PM com.bmc.sms.wscommon.util.MessageUtil getMessage():58 
ERROR: Failed to load resource bundle-BuilderMessages
Jun 29, 2017 13:25:57 PM com.bmc.sms.wscommon.util.MessageUtil getMessage():45 
WARN: Failed to load resource bundle -BuilderMessages by default locale exception:Can't find bundle for base name BuilderMessages, locale en_IN Default Locale settings :Language:en,Country():IN,Variant():,DisplayName():English (India)
Jun 29, 2017 13:25:57 PM com.bmc.sms.wscommon.util.MessageUtil getMessage():45 
WARN: Failed to load resource bundle -BuilderMessages by default locale exception:Can't find bundle for base name BuilderMessages, locale en_IN Default Locale settings :Language:en,Country():IN,Variant():,DisplayName():English (India)
Jun 29, 2017 13:25:57 PM com.bmc.sms.wscommon.util.MessageUtil getMessage():45 
WARN: Failed to load resource bundle -BuilderMessages by default locale exception:Can't find bundle for base name BuilderMessages, locale en_IN Default Locale settings :Language:en,Country():IN,Variant():,DisplayName():English (India)
Jun 29, 2017 13:25:57 PM com.bmc.sms.wscommon.util.MessageUtil getMessage():58 
ERROR: Failed to load resource bundle-BuilderMessages
Jun 29, 2017 13:25:57 PM com.bmc.sms.wscommon.util.MessageUtil getMessage():58 
ERROR: Failed to load resource bundle-BuilderMessages
Jun 29, 2017 13:25:57 PM com.bmc.sms.wscommon.util.MessageUtil getMessage():58 
ERROR: Failed to load resource bundle-BuilderMessages
Jun 29, 2017 13:25:57 PM com.bmc.sms.wscommon.util.MessageUtil getMessage():45 
WARN: Failed to load resource bundle -BuilderMessages by default locale exception:Can't find bundle for base name BuilderMessages, locale en_IN Default Locale settings :Language:en,Country():IN,Variant():,DisplayName():English (India)
Jun 29, 2017 13:25:57 PM com.bmc.sms.wscommon.util.MessageUtil getMessage():45 
WARN: Failed to load resource bundle -BuilderMessages by default locale exception:Can't find bundle for base name BuilderMessages, locale en_IN Default Locale settings :Language:en,Country():IN,Variant():,DisplayName():English (India)
Jun 29, 2017 13:25:57 PM com.bmc.sms.wscommon.util.MessageUtil getMessage():45 
WARN: Failed to load resource bundle -BuilderMessages by default locale exception:Can't find bundle for base name BuilderMessages, locale en_IN Default Locale settings :Language:en,Country():IN,Variant():,DisplayName():English (India)
Jun 29, 2017 13:25:57 PM com.bmc.sms.wscommon.util.MessageUtil getMessage():58 
ERROR: Failed to load resource bundle-BuilderMessages
Jun 29, 2017 13:25:57 PM com.bmc.sms.wscommon.util.MessageUtil getMessage():58 
ERROR: Failed to load resource bundle-BuilderMessages
Jun 29, 2017 13:25:57 PM com.bmc.sms.wscommon.util.MessageUtil getMessage():58 
ERROR: Failed to load resource bundle-BuilderMessages
Jun 29, 2017 15:58:46 PM com.bmc.sms.wscommon.util.MessageUtil getMessage():45 
WARN: Failed to load resource bundle -BuilderMessages by default locale exception:Can't find bundle for base name BuilderMessages, locale en_IN Default Locale settings :Language:en,Country():IN,Variant():,DisplayName():English (India)
Jun 29, 2017 15:58:46 PM com.bmc.sms.wscommon.util.MessageUtil getMessage():45 
WARN: Failed to load resource bundle -BuilderMessages by default locale exception:Can't find bundle for base name BuilderMessages, locale en_IN Default Locale settings :Language:en,Country():IN,Variant():,DisplayName():English (India)
Jun 29, 2017 15:58:46 PM com.bmc.sms.wscommon.util.MessageUtil getMessage():58 
ERROR: Failed to load resource bundle-BuilderMessages
Jun 29, 2017 15:58:46 PM com.bmc.sms.wscommon.util.MessageUtil getMessage():58 
ERROR: Failed to load resource bundle-BuilderMessages
Jun 29, 2017 15:58:46 PM com.bmc.sms.wscommon.util.MessageUtil getMessage():45 
WARN: Failed to load resource bundle -BuilderMessages by default locale exception:Can't find bundle for base name BuilderMessages, locale en_IN Default Locale settings :Language:en,Country():IN,Variant():,DisplayName():English (India)
Jun 29, 2017 15:58:46 PM com.bmc.sms.wscommon.util.MessageUtil getMessage():58 
ERROR: Failed to load resource bundle-BuilderMessages
Jun 29, 2017 15:58:46 PM com.bmc.sms.wscommon.util.MessageUtil getMessage():45 
WARN: Failed to load resource bundle -BuilderMessages by default locale exception:Can't find bundle for base name BuilderMessages, locale en_IN Default Locale settings :Language:en,Country():IN,Variant():,DisplayName():English (India)
Jun 29, 2017 15:58:46 PM com.bmc.sms.wscommon.util.MessageUtil getMessage():58 
ERROR: Failed to load resource bundle-BuilderMessages
Jun 29, 2017 15:58:48 PM com.bmc.sms.wscommon.util.MessageUtil getMessage():45 
WARN: Failed to load resource bundle -BuilderMessages by default locale exception:Can't find bundle for base name BuilderMessages, locale en_IN Default Locale settings :Language:en,Country():IN,Variant():,DisplayName():English (India)
Jun 29, 2017 15:58:48 PM com.bmc.sms.wscommon.util.MessageUtil getMessage():58 
ERROR: Failed to load resource bundle-BuilderMessages
Jun 29, 2017 15:58:48 PM com.bmc.sms.wscommon.util.MessageUtil getMessage():45 
WARN: Failed to load resource bundle -BuilderMessages by default locale exception:Can't find bundle for base name BuilderMessages, locale en_IN Default Locale settings :Language:en,Country():IN,Variant():,DisplayName():English (India)
Jun 29, 2017 15:58:48 PM com.bmc.sms.wscommon.util.MessageUtil getMessage():58 
ERROR: Failed to load resource bundle-BuilderMessages
Jun 29, 2017 16:00:14 PM com.bmc.sms.wscommon.util.MessageUtil getMessage():45 
WARN: Failed to load resource bundle -BuilderMessages by default locale exception:Can't find bundle for base name BuilderMessages, locale en_IN Default Locale settings :Language:en,Country():IN,Variant():,DisplayName():English (India)
Jun 29, 2017 16:00:14 PM com.bmc.sms.wscommon.util.MessageUtil getMessage():58 
ERROR: Failed to load resource bundle-BuilderMessages
Jun 29, 2017 16:00:15 PM com.bmc.sms.wscommon.util.MessageUtil getMessage():45 
WARN: Failed to load resource bundle -BuilderMessages by default locale exception:Can't find bundle for base name BuilderMessages, locale en_IN Default Locale settings :Language:en,Country():IN,Variant():,DisplayName():English (India)
Jun 29, 2017 16:00:15 PM com.bmc.sms.wscommon.util.MessageUtil getMessage():58 
ERROR: Failed to load resource bundle-BuilderMessages
Jun 29, 2017 16:01:00 PM com.bmc.sms.wscommon.util.MessageUtil getMessage():45 
WARN: Failed to load resource bundle -BuilderMessages by default locale exception:Can't find bundle for base name BuilderMessages, locale en_IN Default Locale settings :Language:en,Country():IN,Variant():,DisplayName():English (India)
Jun 29, 2017 16:01:00 PM com.bmc.sms.wscommon.util.MessageUtil getMessage():58 
ERROR: Failed to load resource bundle-BuilderMessages
Jun 29, 2017 16:01:00 PM com.bmc.sms.wscommon.util.MessageUtil getMessage():45 
WARN: Failed to load resource bundle -BuilderMessages by default locale exception:Can't find bundle for base name BuilderMessages, locale en_IN Default Locale settings :Language:en,Country():IN,Variant():,DisplayName():English (India)
Jun 29, 2017 16:01:00 PM com.bmc.sms.wscommon.util.MessageUtil getMessage():58 
ERROR: Failed to load resource bundle-BuilderMessages
Jun 29, 2017 16:02:29 PM com.bmc.sms.wscommon.util.MessageUtil getMessage():45 
WARN: Failed to load resource bundle -BuilderMessages by default locale exception:Can't find bundle for base name BuilderMessages, locale en_IN Default Locale settings :Language:en,Country():IN,Variant():,DisplayName():English (India)
Jun 29, 2017 16:02:29 PM com.bmc.sms.wscommon.util.MessageUtil getMessage():58 
ERROR: Failed to load resource bundle-BuilderMessages
Jun 29, 2017 16:02:29 PM com.bmc.sms.wscommon.util.MessageUtil getMessage():45 
WARN: Failed to load resource bundle -BuilderMessages by default locale exception:Can't find bundle for base name BuilderMessages, locale en_IN Default Locale settings :Language:en,Country():IN,Variant():,DisplayName():English (India)
Jun 29, 2017 16:02:29 PM com.bmc.sms.wscommon.util.MessageUtil getMessage():58 
ERROR: Failed to load resource bundle-BuilderMessages
